<?xml version="1.0" encoding="UTF-8"?>
<!-- Generated by org.testng.reporters.JUnitReportReporter -->
<testsuite skipped="0" hostname="DESKTOP-9QJ3JL7" name="com.restAssuredFramework.testCases.TC001_GET_All_Employees" tests="9" failures="0" timestamp="07 Jun 2020 17:40:15 GMT" time="0.012" errors="0">
  <testcase name="checkResponseTime" time="0.000" classname="com.restAssuredFramework.testCases.TC001_GET_All_Employees"/>
  <testcase name="checkCookies" time="0.000" classname="com.restAssuredFramework.testCases.TC001_GET_All_Employees"/>
  <testcase name="checkResponseBody" time="0.004" classname="com.restAssuredFramework.testCases.TC001_GET_All_Employees"/>
  <testcase name="checkStatusLine" time="0.000" classname="com.restAssuredFramework.testCases.TC001_GET_All_Employees"/>
  <testcase name="checkContentType" time="0.004" classname="com.restAssuredFramework.testCases.TC001_GET_All_Employees"/>
  <testcase name="checkContentEncoding" time="0.000" classname="com.restAssuredFramework.testCases.TC001_GET_All_Employees"/>
  <testcase name="checkServerType" time="0.000" classname="com.restAssuredFramework.testCases.TC001_GET_All_Employees"/>
  <testcase name="checkStatusCode" time="0.000" classname="com.restAssuredFramework.testCases.TC001_GET_All_Employees"/>
  <testcase name="checkContentLength" time="0.004" classname="com.restAssuredFramework.testCases.TC001_GET_All_Employees"/>
</testsuite> <!-- com.restAssuredFramework.testCases.TC001_GET_All_Employees -->
