<?xml version="1.0" encoding="UTF-8"?>
<!-- Generated by org.testng.reporters.JUnitReportReporter -->
<testsuite skipped="0" hostname="DESKTOP-9QJ3JL7" name="com.restAssuredFramework.testCases.TC003_POST_Employee_Record" tests="5" failures="0" timestamp="06 Jun 2020 20:46:31 GMT" time="0.010" errors="0">
  <testcase name="checkStatusCode" time="0.002" classname="com.restAssuredFramework.testCases.TC003_POST_Employee_Record"/>
  <testcase name="checkStatusLine" time="0.002" classname="com.restAssuredFramework.testCases.TC003_POST_Employee_Record"/>
  <testcase name="checkResponseBody" time="0.002" classname="com.restAssuredFramework.testCases.TC003_POST_Employee_Record"/>
  <testcase name="checkServerType" time="0.002" classname="com.restAssuredFramework.testCases.TC003_POST_Employee_Record"/>
  <testcase name="checkContentType" time="0.002" classname="com.restAssuredFramework.testCases.TC003_POST_Employee_Record"/>
</testsuite> <!-- com.restAssuredFramework.testCases.TC003_POST_Employee_Record -->
