<?xml version="1.0" encoding="UTF-8"?>
<!-- Generated by org.testng.reporters.JUnitReportReporter -->
<testsuite skipped="0" hostname="DESKTOP-9QJ3JL7" name="com.restAssuredFramework.testCases.TC005_Delete_Employee_Record" tests="4" failures="0" timestamp="07 Jun 2020 17:40:15 GMT" time="0.011" errors="0">
  <testcase name="checkStatusLine" time="0.004" classname="com.restAssuredFramework.testCases.TC005_Delete_Employee_Record"/>
  <testcase name="checkStatusCode" time="0.004" classname="com.restAssuredFramework.testCases.TC005_Delete_Employee_Record"/>
  <testcase name="checkContentType" time="0.003" classname="com.restAssuredFramework.testCases.TC005_Delete_Employee_Record"/>
  <testcase name="checkServerType" time="0.000" classname="com.restAssuredFramework.testCases.TC005_Delete_Employee_Record"/>
</testsuite> <!-- com.restAssuredFramework.testCases.TC005_Delete_Employee_Record -->
