<?xml version="1.0" encoding="UTF-8"?>
<!-- Generated by org.testng.reporters.JUnitReportReporter -->
<testsuite skipped="0" hostname="DESKTOP-9QJ3JL7" name="com.restAssuredFramework.testCases.TC001_GET_All_Employees" tests="9" failures="0" timestamp="06 Jun 2020 20:46:31 GMT" time="0.028" errors="0">
  <testcase name="checkCookies" time="0.002" classname="com.restAssuredFramework.testCases.TC001_GET_All_Employees"/>
  <testcase name="checkStatusLine" time="0.003" classname="com.restAssuredFramework.testCases.TC001_GET_All_Employees"/>
  <testcase name="checkContentType" time="0.001" classname="com.restAssuredFramework.testCases.TC001_GET_All_Employees"/>
  <testcase name="checkStatusCode" time="0.002" classname="com.restAssuredFramework.testCases.TC001_GET_All_Employees"/>
  <testcase name="checkResponseTime" time="0.002" classname="com.restAssuredFramework.testCases.TC001_GET_All_Employees"/>
  <testcase name="checkContentEncoding" time="0.001" classname="com.restAssuredFramework.testCases.TC001_GET_All_Employees"/>
  <testcase name="checkResponseBody" time="0.005" classname="com.restAssuredFramework.testCases.TC001_GET_All_Employees"/>
  <testcase name="checkContentLength" time="0.002" classname="com.restAssuredFramework.testCases.TC001_GET_All_Employees"/>
  <testcase name="checkServerType" time="0.010" classname="com.restAssuredFramework.testCases.TC001_GET_All_Employees"/>
</testsuite> <!-- com.restAssuredFramework.testCases.TC001_GET_All_Employees -->
